<?xml version="1.0" encoding="UTF-8"?>
<testng-results skipped="0" failed="0" ignored="0" total="1" passed="1">
  <reporter-output>
  </reporter-output>
  <suite name="Suite" duration-ms="55" started-at="2018-07-14T10:25:57Z" finished-at="2018-07-14T10:25:57Z">
    <groups>
    </groups>
    <test name="Test" duration-ms="55" started-at="2018-07-14T10:25:57Z" finished-at="2018-07-14T10:25:57Z">
      <class name="testmaven.testmaven">
        <test-method status="PASS" signature="f()[pri:0, instance:testmaven.testmaven@1774679]" name="f" duration-ms="20" started-at="2018-07-14T15:55:57Z" finished-at="2018-07-14T15:55:57Z">
          <reporter-output>
          </reporter-output>
        </test-method> <!-- f -->
      </class> <!-- testmaven.testmaven -->
    </test> <!-- Test -->
  </suite> <!-- Suite -->
</testng-results>
